nohup: ignoring input
Starting up http-server, serving ./

http-server version: 14.1.1

http-server settings: 
CORS: disabled
Cache: 3600 seconds
Connection Timeout: 120 seconds
Directory Listings: visible
AutoIndex: visible
Serve GZIP Files: false
Serve Brotli Files: false
Default File Extension: none

Available on:
  http://127.0.0.1:8080
  http://192.168.1.115:8080
Hit CTRL-C to stop the server
Open: http://127.0.0.1:8080/0.0.0.0

[Thu Oct 12 2023 06:17:35 GMT+0000 (Coordinated Universal Time)]  "GET /" "Mozilla/5.0 (Macintosh; Intel Mac OS X 10_15_7) AppleWebKit/537.36 (KHTML, like Gecko) Chrome/117.0.0.0 Safari/537.36"
_http_outgoing.js:470
    throw new ERR_HTTP_HEADERS_SENT('set');
    ^

Error [ERR_HTTP_HEADERS_SENT]: Cannot set headers after they are sent to the client
    at ServerResponse.setHeader (_http_outgoing.js:470:11)
    at module.exports.ResponseStream.(anonymous function) [as setHeader] (/usr/local/lib/node_modules/http-server/node_modules/union/lib/response-stream.js:100:34)
    at Object.exports.(anonymous function) (/usr/local/lib/node_modules/http-server/lib/core/status-handlers.js:57:7)
    at Readable.stream.on (/usr/local/lib/node_modules/http-server/lib/core/index.js:339:22)
    at Readable.emit (events.js:198:13)
    at emitErrorNT (internal/streams/destroy.js:91:8)
    at emitErrorAndCloseNT (internal/streams/destroy.js:59:3)
    at process._tickCallback (internal/process/next_tick.js:63:19)
